CMake Error at /opt/ros/jazzy/share/ament_cmake_python/cmake/ament_python_install_package.cmake:106 (add_custom_target):
  add_custom_target cannot create target
  "ament_cmake_python_symlink_fl_slam_poc" because another target with the
  same name already exists.  The existing target is a custom target created
  in source directory "/home/will/Documents/Coding/Phantom Fellowship
  MIT/Impact Project_v1/fl_ws/src/fl_slam_poc".  See documentation for policy
  CMP0002 for more details.
Call Stack (most recent call first):
  /opt/ros/jazzy/share/ament_cmake_python/cmake/ament_python_install_package.cmake:39 (_ament_cmake_python_install_package)
  CMakeLists.txt:16 (ament_python_install_package)


CMake Error at /opt/ros/jazzy/share/ament_cmake_python/cmake/ament_python_install_package.cmake:144 (add_custom_target):
  add_custom_target cannot create target
  "ament_cmake_python_build_fl_slam_poc_egg" because another target with the
  same name already exists.  The existing target is a custom target created
  in source directory "/home/will/Documents/Coding/Phantom Fellowship
  MIT/Impact Project_v1/fl_ws/src/fl_slam_poc".  See documentation for policy
  CMP0002 for more details.
Call Stack (most recent call first):
  /opt/ros/jazzy/share/ament_cmake_python/cmake/ament_python_install_package.cmake:39 (_ament_cmake_python_install_package)
  CMakeLists.txt:16 (ament_python_install_package)


