[0.008s] Invoking command in '/home/will/Documents/Coding/Phantom Fellowship MIT/Impact Project_v1/fl_ws/build_3d/fl_slam_poc': CMAKE_PREFIX_PATH=${CMAKE_PREFIX_PATH}:/opt/ros/jazzy /usr/bin/cmake /home/will/Documents/Coding/Phantom Fellowship MIT/Impact Project_v1/fl_ws/src/fl_slam_poc -DAMENT_CMAKE_SYMLINK_INSTALL=1 -DCMAKE_INSTALL_PREFIX=/home/will/Documents/Coding/Phantom Fellowship MIT/Impact Project_v1/fl_ws/install_3d/fl_slam_poc
[0.063s] -- The C compiler identification is GNU 13.3.0
[0.110s] -- The CXX compiler identification is GNU 13.3.0
[0.127s] -- Detecting C compiler ABI info
[0.212s] -- Detecting C compiler ABI info - done
[0.222s] -- Check for working C compiler: /usr/bin/cc - skipped
[0.222s] -- Detecting C compile features
[0.223s] -- Detecting C compile features - done
[0.233s] -- Detecting CXX compiler ABI info
[0.326s] -- Detecting CXX compiler ABI info - done
[0.334s] -- Check for working CXX compiler: /usr/bin/c++ - skipped
[0.334s] -- Detecting CXX compile features
[0.334s] -- Detecting CXX compile features - done
[0.337s] -- Found ament_cmake: 2.5.4 (/opt/ros/jazzy/share/ament_cmake/cmake)
[0.483s] -- Found Python3: /usr/bin/python3 (found version "3.12.3") found components: Interpreter 
[0.545s] -- Override CMake install command with custom implementation using symlinks instead of copying resources
[0.584s] -- Found rosidl_default_generators: 1.6.0 (/opt/ros/jazzy/share/rosidl_default_generators/cmake)
[0.591s] -- Using all available rosidl_typesupport_c: rosidl_typesupport_fastrtps_c;rosidl_typesupport_introspection_c
[0.657s] -- Using all available rosidl_typesupport_cpp: rosidl_typesupport_fastrtps_cpp;rosidl_typesupport_introspection_cpp
[0.693s] -- Found rosidl_adapter: 4.6.6 (/opt/ros/jazzy/share/rosidl_adapter/cmake)
[0.696s] -- Found std_msgs: 5.3.6 (/opt/ros/jazzy/share/std_msgs/cmake)
[0.723s] -- Found geometry_msgs: 5.3.6 (/opt/ros/jazzy/share/geometry_msgs/cmake)
[1.281s] -- Found ament_cmake_ros: 0.12.0 (/opt/ros/jazzy/share/ament_cmake_ros/cmake)
[1.700s] -- Using all available rosidl_typesupport_c: rosidl_typesupport_fastrtps_c;rosidl_typesupport_introspection_c
[2.242s] -- Using all available rosidl_typesupport_cpp: rosidl_typesupport_fastrtps_cpp;rosidl_typesupport_introspection_cpp
[2.245s] -- Found python_cmake_module: 0.11.1 (/opt/ros/jazzy/share/python_cmake_module/cmake)
[2.363s] -- Found PythonExtra: /usr/bin/python3  
[2.709s] -- Found Python3: /usr/bin/python3 (found version "3.12.3") found components: Interpreter Development NumPy Development.Module Development.Embed 
[2.755s] CMake Error at /opt/ros/jazzy/share/ament_cmake_python/cmake/ament_python_install_package.cmake:106 (add_custom_target):
[2.756s]   add_custom_target cannot create target
[2.756s]   "ament_cmake_python_symlink_fl_slam_poc" because another target with the
[2.756s]   same name already exists.  The existing target is a custom target created
[2.756s]   in source directory "/home/will/Documents/Coding/Phantom Fellowship
[2.756s]   MIT/Impact Project_v1/fl_ws/src/fl_slam_poc".  See documentation for policy
[2.756s]   CMP0002 for more details.
[2.756s] Call Stack (most recent call first):
[2.756s]   /opt/ros/jazzy/share/ament_cmake_python/cmake/ament_python_install_package.cmake:39 (_ament_cmake_python_install_package)
[2.756s]   CMakeLists.txt:16 (ament_python_install_package)
[2.756s] 
[2.756s] 
[2.756s] CMake Error at /opt/ros/jazzy/share/ament_cmake_python/cmake/ament_python_install_package.cmake:144 (add_custom_target):
[2.756s]   add_custom_target cannot create target
[2.756s]   "ament_cmake_python_build_fl_slam_poc_egg" because another target with the
[2.756s]   same name already exists.  The existing target is a custom target created
[2.756s]   in source directory "/home/will/Documents/Coding/Phantom Fellowship
[2.756s]   MIT/Impact Project_v1/fl_ws/src/fl_slam_poc".  See documentation for policy
[2.756s]   CMP0002 for more details.
[2.756s] Call Stack (most recent call first):
[2.756s]   /opt/ros/jazzy/share/ament_cmake_python/cmake/ament_python_install_package.cmake:39 (_ament_cmake_python_install_package)
[2.756s]   CMakeLists.txt:16 (ament_python_install_package)
[2.756s] 
[2.756s] 
[2.762s] -- Configuring incomplete, errors occurred!
[2.771s] Invoked command in '/home/will/Documents/Coding/Phantom Fellowship MIT/Impact Project_v1/fl_ws/build_3d/fl_slam_poc' returned '1': CMAKE_PREFIX_PATH=${CMAKE_PREFIX_PATH}:/opt/ros/jazzy /usr/bin/cmake /home/will/Documents/Coding/Phantom Fellowship MIT/Impact Project_v1/fl_ws/src/fl_slam_poc -DAMENT_CMAKE_SYMLINK_INSTALL=1 -DCMAKE_INSTALL_PREFIX=/home/will/Documents/Coding/Phantom Fellowship MIT/Impact Project_v1/fl_ws/install_3d/fl_slam_poc
