[0.070s] DEBUG:colcon:Command line arguments: ['/usr/bin/colcon', '--log-base', 'log_3d', 'build', '--symlink-install', '--build-base', 'build_3d', '--install-base', 'install_3d']
[0.070s] DEBUG:colcon:Parsed command line arguments: Namespace(log_base='log_3d', log_level=None, verb_name='build', build_base='/home/will/Documents/Coding/Phantom Fellowship MIT/Impact Project_v1/fl_ws/build_3d', install_base='/home/will/Documents/Coding/Phantom Fellowship MIT/Impact Project_v1/fl_ws/install_3d', merge_install=False, symlink_install=True, test_result_base=None, continue_on_error=False, executor='parallel', parallel_workers=24, event_handlers=None, ignore_user_meta=False, metas=['./colcon.meta'], base_paths=['.'], packages_ignore=None, packages_ignore_regex=None, paths=None, packages_up_to=None, packages_up_to_regex=None, packages_above=None, packages_above_and_dependencies=None, packages_above_depth=None, packages_select_by_dep=None, packages_skip_by_dep=None, packages_skip_up_to=None, packages_select_build_failed=False, packages_skip_build_finished=False, packages_select_test_failures=False, packages_skip_test_passed=False, packages_select=None, packages_skip=None, packages_select_regex=None, packages_skip_regex=None, packages_start=None, packages_end=None, cmake_args=None, cmake_target=None, cmake_target_skip_unavailable=False, cmake_clean_cache=False, cmake_clean_first=False, cmake_force_configure=False, ament_cmake_args=None, catkin_cmake_args=None, catkin_skip_building_tests=False, verb_parser=<colcon_defaults.argument_parser.defaults.DefaultArgumentsDecorator object at 0x75d5b6411190>, verb_extension=<colcon_core.verb.build.BuildVerb object at 0x75d5b6410b90>, main=<bound method BuildVerb.main of <colcon_core.verb.build.BuildVerb object at 0x75d5b6410b90>>)
[0.097s] Level 1:colcon.colcon_core.package_discovery:discover_packages(colcon_meta) check parameters
[0.097s] Level 1:colcon.colcon_core.package_discovery:discover_packages(recursive) check parameters
[0.097s] Level 1:colcon.colcon_core.package_discovery:discover_packages(ignore) check parameters
[0.097s] Level 1:colcon.colcon_core.package_discovery:discover_packages(path) check parameters
[0.097s] Level 1:colcon.colcon_core.package_discovery:discover_packages(colcon_meta) discover
[0.097s] Level 1:colcon.colcon_core.package_discovery:discover_packages(recursive) discover
[0.097s] INFO:colcon.colcon_core.package_discovery:Crawling recursively for packages in '/home/will/Documents/Coding/Phantom Fellowship MIT/Impact Project_v1/fl_ws'
[0.097s] Level 1:colcon.colcon_core.package_identification:_identify(.) by extensions ['ignore', 'ignore_ament_install']
[0.097s] Level 1:colcon.colcon_core.package_identification:_identify(.) by extension 'ignore'
[0.097s] Level 1:colcon.colcon_core.package_identification:_identify(.) by extension 'ignore_ament_install'
[0.097s] Level 1:colcon.colcon_core.package_identification:_identify(.) by extensions ['colcon_pkg']
[0.097s] Level 1:colcon.colcon_core.package_identification:_identify(.) by extension 'colcon_pkg'
[0.097s] Level 1:colcon.colcon_core.package_identification:_identify(.) by extensions ['colcon_meta']
[0.097s] Level 1:colcon.colcon_core.package_identification:_identify(.) by extension 'colcon_meta'
[0.098s] Level 1:colcon.colcon_core.package_identification:_identify(.) by extensions ['ros']
[0.098s] Level 1:colcon.colcon_core.package_identification:_identify(.) by extension 'ros'
[0.122s] Level 1:colcon.colcon_core.package_identification:_identify(.) by extensions ['cmake', 'python']
[0.122s] Level 1:colcon.colcon_core.package_identification:_identify(.) by extension 'cmake'
[0.122s] Level 1:colcon.colcon_core.package_identification:_identify(.) by extension 'python'
[0.123s] Level 1:colcon.colcon_core.package_identification:_identify(.) by extensions ['python_setup_py']
[0.123s] Level 1:colcon.colcon_core.package_identification:_identify(.) by extension 'python_setup_py'
[0.123s] Level 1:colcon.colcon_core.package_identification:_identify(build) by extensions ['ignore', 'ignore_ament_install']
[0.123s] Level 1:colcon.colcon_core.package_identification:_identify(build) by extension 'ignore'
[0.123s] Level 1:colcon.colcon_core.package_identification:_identify(build) ignored
[0.123s] Level 1:colcon.colcon_core.package_identification:_identify(build_3d) by extensions ['ignore', 'ignore_ament_install']
[0.123s] Level 1:colcon.colcon_core.package_identification:_identify(build_3d) by extension 'ignore'
[0.123s] Level 1:colcon.colcon_core.package_identification:_identify(build_3d) ignored
[0.123s] Level 1:colcon.colcon_core.package_identification:_identify(install) by extensions ['ignore', 'ignore_ament_install']
[0.123s] Level 1:colcon.colcon_core.package_identification:_identify(install) by extension 'ignore'
[0.123s] Level 1:colcon.colcon_core.package_identification:_identify(install) ignored
[0.123s] Level 1:colcon.colcon_core.package_identification:_identify(install_3d) by extensions ['ignore', 'ignore_ament_install']
[0.124s] Level 1:colcon.colcon_core.package_identification:_identify(install_3d) by extension 'ignore'
[0.124s] Level 1:colcon.colcon_core.package_identification:_identify(install_3d) ignored
[0.124s] Level 1:colcon.colcon_core.package_identification:_identify(log) by extensions ['ignore', 'ignore_ament_install']
[0.124s] Level 1:colcon.colcon_core.package_identification:_identify(log) by extension 'ignore'
[0.124s] Level 1:colcon.colcon_core.package_identification:_identify(log) ignored
[0.124s] Level 1:colcon.colcon_core.package_identification:_identify(log_3d) by extensions ['ignore', 'ignore_ament_install']
[0.124s] Level 1:colcon.colcon_core.package_identification:_identify(log_3d) by extension 'ignore'
[0.124s] Level 1:colcon.colcon_core.package_identification:_identify(log_3d) ignored
[0.124s] Level 1:colcon.colcon_core.package_identification:_identify(src) by extensions ['ignore', 'ignore_ament_install']
[0.124s] Level 1:colcon.colcon_core.package_identification:_identify(src) by extension 'ignore'
[0.124s] Level 1:colcon.colcon_core.package_identification:_identify(src) by extension 'ignore_ament_install'
[0.124s] Level 1:colcon.colcon_core.package_identification:_identify(src) by extensions ['colcon_pkg']
[0.124s] Level 1:colcon.colcon_core.package_identification:_identify(src) by extension 'colcon_pkg'
[0.124s] Level 1:colcon.colcon_core.package_identification:_identify(src) by extensions ['colcon_meta']
[0.124s] Level 1:colcon.colcon_core.package_identification:_identify(src) by extension 'colcon_meta'
[0.124s] Level 1:colcon.colcon_core.package_identification:_identify(src) by extensions ['ros']
[0.124s] Level 1:colcon.colcon_core.package_identification:_identify(src) by extension 'ros'
[0.124s] Level 1:colcon.colcon_core.package_identification:_identify(src) by extensions ['cmake', 'python']
[0.124s] Level 1:colcon.colcon_core.package_identification:_identify(src) by extension 'cmake'
[0.124s] Level 1:colcon.colcon_core.package_identification:_identify(src) by extension 'python'
[0.124s] Level 1:colcon.colcon_core.package_identification:_identify(src) by extensions ['python_setup_py']
[0.124s] Level 1:colcon.colcon_core.package_identification:_identify(src) by extension 'python_setup_py'
[0.124s] Level 1:colcon.colcon_core.package_identification:_identify(src/fl_slam_poc) by extensions ['ignore', 'ignore_ament_install']
[0.124s] Level 1:colcon.colcon_core.package_identification:_identify(src/fl_slam_poc) by extension 'ignore'
[0.124s] Level 1:colcon.colcon_core.package_identification:_identify(src/fl_slam_poc) by extension 'ignore_ament_install'
[0.124s] Level 1:colcon.colcon_core.package_identification:_identify(src/fl_slam_poc) by extensions ['colcon_pkg']
[0.124s] Level 1:colcon.colcon_core.package_identification:_identify(src/fl_slam_poc) by extension 'colcon_pkg'
[0.125s] Level 1:colcon.colcon_core.package_identification:_identify(src/fl_slam_poc) by extensions ['colcon_meta']
[0.125s] Level 1:colcon.colcon_core.package_identification:_identify(src/fl_slam_poc) by extension 'colcon_meta'
[0.125s] Level 1:colcon.colcon_core.package_identification:_identify(src/fl_slam_poc) by extensions ['ros']
[0.125s] Level 1:colcon.colcon_core.package_identification:_identify(src/fl_slam_poc) by extension 'ros'
[0.128s] DEBUG:colcon.colcon_core.package_identification:Package 'src/fl_slam_poc' with type 'ros.ament_cmake' and name 'fl_slam_poc'
[0.128s] Level 1:colcon.colcon_core.package_discovery:discover_packages(recursive) using defaults
[0.128s] Level 1:colcon.colcon_core.package_discovery:discover_packages(ignore) discover
[0.128s] Level 1:colcon.colcon_core.package_discovery:discover_packages(ignore) using defaults
[0.128s] Level 1:colcon.colcon_core.package_discovery:discover_packages(path) discover
[0.128s] Level 1:colcon.colcon_core.package_discovery:discover_packages(path) using defaults
[0.145s] Level 5:colcon.colcon_core.verb:set package 'fl_slam_poc' build argument 'cmake_args' from command line to 'None'
[0.145s] Level 5:colcon.colcon_core.verb:set package 'fl_slam_poc' build argument 'cmake_target' from command line to 'None'
[0.145s] Level 5:colcon.colcon_core.verb:set package 'fl_slam_poc' build argument 'cmake_target_skip_unavailable' from command line to 'False'
[0.145s] Level 5:colcon.colcon_core.verb:set package 'fl_slam_poc' build argument 'cmake_clean_cache' from command line to 'False'
[0.145s] Level 5:colcon.colcon_core.verb:set package 'fl_slam_poc' build argument 'cmake_clean_first' from command line to 'False'
[0.145s] Level 5:colcon.colcon_core.verb:set package 'fl_slam_poc' build argument 'cmake_force_configure' from command line to 'False'
[0.146s] Level 5:colcon.colcon_core.verb:set package 'fl_slam_poc' build argument 'ament_cmake_args' from command line to 'None'
[0.146s] Level 5:colcon.colcon_core.verb:set package 'fl_slam_poc' build argument 'catkin_cmake_args' from command line to 'None'
[0.146s] Level 5:colcon.colcon_core.verb:set package 'fl_slam_poc' build argument 'catkin_skip_building_tests' from command line to 'False'
[0.146s] DEBUG:colcon.colcon_core.verb:Building package 'fl_slam_poc' with the following arguments: {'ament_cmake_args': None, 'build_base': '/home/will/Documents/Coding/Phantom Fellowship MIT/Impact Project_v1/fl_ws/build_3d/fl_slam_poc', 'catkin_cmake_args': None, 'catkin_skip_building_tests': False, 'cmake_args': None, 'cmake_clean_cache': False, 'cmake_clean_first': False, 'cmake_force_configure': False, 'cmake_target': None, 'cmake_target_skip_unavailable': False, 'install_base': '/home/will/Documents/Coding/Phantom Fellowship MIT/Impact Project_v1/fl_ws/install_3d/fl_slam_poc', 'merge_install': False, 'path': '/home/will/Documents/Coding/Phantom Fellowship MIT/Impact Project_v1/fl_ws/src/fl_slam_poc', 'symlink_install': True, 'test_result_base': None}
[0.146s] INFO:colcon.colcon_core.executor:Executing jobs using 'parallel' executor
[0.147s] DEBUG:colcon.colcon_parallel_executor.executor.parallel:run_until_complete
[0.147s] INFO:colcon.colcon_ros.task.ament_cmake.build:Building ROS package in '/home/will/Documents/Coding/Phantom Fellowship MIT/Impact Project_v1/fl_ws/src/fl_slam_poc' with build type 'ament_cmake'
[0.147s] INFO:colcon.colcon_cmake.task.cmake.build:Building CMake package in '/home/will/Documents/Coding/Phantom Fellowship MIT/Impact Project_v1/fl_ws/src/fl_slam_poc'
[0.148s] INFO:colcon.colcon_core.plugin_system:Skipping extension 'colcon_core.shell.bat': Not used on non-Windows systems
[0.148s] DEBUG:colcon.colcon_core.shell:Skip shell extension 'dsv' for command environment
[0.155s] DEBUG:colcon.colcon_core.event_handler.log_command:Invoking command in '/home/will/Documents/Coding/Phantom Fellowship MIT/Impact Project_v1/fl_ws/build_3d/fl_slam_poc': CMAKE_PREFIX_PATH=${CMAKE_PREFIX_PATH}:/opt/ros/jazzy /usr/bin/cmake /home/will/Documents/Coding/Phantom Fellowship MIT/Impact Project_v1/fl_ws/src/fl_slam_poc -DAMENT_CMAKE_SYMLINK_INSTALL=1 -DCMAKE_INSTALL_PREFIX=/home/will/Documents/Coding/Phantom Fellowship MIT/Impact Project_v1/fl_ws/install_3d/fl_slam_poc
[2.918s] DEBUG:colcon.colcon_core.event_handler.log_command:Invoked command in '/home/will/Documents/Coding/Phantom Fellowship MIT/Impact Project_v1/fl_ws/build_3d/fl_slam_poc' returned '1': CMAKE_PREFIX_PATH=${CMAKE_PREFIX_PATH}:/opt/ros/jazzy /usr/bin/cmake /home/will/Documents/Coding/Phantom Fellowship MIT/Impact Project_v1/fl_ws/src/fl_slam_poc -DAMENT_CMAKE_SYMLINK_INSTALL=1 -DCMAKE_INSTALL_PREFIX=/home/will/Documents/Coding/Phantom Fellowship MIT/Impact Project_v1/fl_ws/install_3d/fl_slam_poc
[2.930s] Level 1:colcon.colcon_core.environment:create_environment_scripts_only(fl_slam_poc)
[2.932s] Level 1:colcon.colcon_core.environment:checking '/home/will/Documents/Coding/Phantom Fellowship MIT/Impact Project_v1/fl_ws/install_3d/fl_slam_poc' for CMake module files
[2.932s] Level 1:colcon.colcon_core.environment:checking '/home/will/Documents/Coding/Phantom Fellowship MIT/Impact Project_v1/fl_ws/install_3d/fl_slam_poc' for CMake config files
[2.933s] Level 1:colcon.colcon_core.environment:checking '/home/will/Documents/Coding/Phantom Fellowship MIT/Impact Project_v1/fl_ws/install_3d/fl_slam_poc/bin'
[2.933s] Level 1:colcon.colcon_core.environment:checking '/home/will/Documents/Coding/Phantom Fellowship MIT/Impact Project_v1/fl_ws/install_3d/fl_slam_poc/lib/pkgconfig/fl_slam_poc.pc'
[2.934s] Level 1:colcon.colcon_core.environment:checking '/home/will/Documents/Coding/Phantom Fellowship MIT/Impact Project_v1/fl_ws/install_3d/fl_slam_poc/lib/python3.12/site-packages'
[2.934s] Level 1:colcon.colcon_core.environment:checking '/home/will/Documents/Coding/Phantom Fellowship MIT/Impact Project_v1/fl_ws/install_3d/fl_slam_poc/bin'
[2.935s] INFO:colcon.colcon_core.shell:Creating package descriptor '/home/will/Documents/Coding/Phantom Fellowship MIT/Impact Project_v1/fl_ws/install_3d/fl_slam_poc/share/fl_slam_poc/package.dsv'
[2.935s] INFO:colcon.colcon_core.shell:Creating package script '/home/will/Documents/Coding/Phantom Fellowship MIT/Impact Project_v1/fl_ws/install_3d/fl_slam_poc/share/fl_slam_poc/package.sh'
[2.936s] INFO:colcon.colcon_core.shell:Creating package script '/home/will/Documents/Coding/Phantom Fellowship MIT/Impact Project_v1/fl_ws/install_3d/fl_slam_poc/share/fl_slam_poc/package.bash'
[2.936s] INFO:colcon.colcon_core.shell:Creating package script '/home/will/Documents/Coding/Phantom Fellowship MIT/Impact Project_v1/fl_ws/install_3d/fl_slam_poc/share/fl_slam_poc/package.zsh'
[2.937s] Level 1:colcon.colcon_core.environment:create_file_with_runtime_dependencies(/home/will/Documents/Coding/Phantom Fellowship MIT/Impact Project_v1/fl_ws/install_3d/fl_slam_poc/share/colcon-core/packages/fl_slam_poc)
[2.947s] DEBUG:colcon.colcon_parallel_executor.executor.parallel:closing loop
[2.947s] DEBUG:colcon.colcon_parallel_executor.executor.parallel:loop closed
[2.947s] DEBUG:colcon.colcon_parallel_executor.executor.parallel:run_until_complete finished with '1'
[2.947s] DEBUG:colcon.colcon_core.event_reactor:joining thread
[2.951s] INFO:colcon.colcon_core.plugin_system:Skipping extension 'colcon_notification.desktop_notification.terminal_notifier': Not used on non-Darwin systems
[2.951s] INFO:colcon.colcon_core.plugin_system:Skipping extension 'colcon_notification.desktop_notification.win32': Not used on non-Windows systems
[2.951s] INFO:colcon.colcon_notification.desktop_notification:Sending desktop notification using 'notify2'
[2.951s] DEBUG:colcon.colcon_notification.desktop_notification.notify2:Failed to initialize notify2: org.freedesktop.DBus.Error.AccessDenied: Failed to connect to socket /run/user/1000/bus: Operation not permitted
[2.951s] DEBUG:colcon.colcon_core.event_reactor:joined thread
[2.951s] INFO:colcon.colcon_core.shell:Creating prefix script '/home/will/Documents/Coding/Phantom Fellowship MIT/Impact Project_v1/fl_ws/install_3d/local_setup.sh'
[2.952s] INFO:colcon.colcon_core.shell:Creating prefix util module '/home/will/Documents/Coding/Phantom Fellowship MIT/Impact Project_v1/fl_ws/install_3d/_local_setup_util_sh.py'
[2.953s] INFO:colcon.colcon_core.shell:Creating prefix chain script '/home/will/Documents/Coding/Phantom Fellowship MIT/Impact Project_v1/fl_ws/install_3d/setup.sh'
[2.954s] INFO:colcon.colcon_core.shell:Creating prefix script '/home/will/Documents/Coding/Phantom Fellowship MIT/Impact Project_v1/fl_ws/install_3d/local_setup.bash'
[2.954s] INFO:colcon.colcon_core.shell:Creating prefix chain script '/home/will/Documents/Coding/Phantom Fellowship MIT/Impact Project_v1/fl_ws/install_3d/setup.bash'
[2.955s] INFO:colcon.colcon_core.shell:Creating prefix script '/home/will/Documents/Coding/Phantom Fellowship MIT/Impact Project_v1/fl_ws/install_3d/local_setup.zsh'
[2.955s] INFO:colcon.colcon_core.shell:Creating prefix chain script '/home/will/Documents/Coding/Phantom Fellowship MIT/Impact Project_v1/fl_ws/install_3d/setup.zsh'
